d:\3sem\кп\gpa_2022\gpa_2022\debug\vc143.pdb
d:\3sem\кп\gpa_2022\gpa_2022\debug\vc143.idb
d:\3sem\кп\gpa_2022\gpa_2022\debug\semantic.obj
d:\3sem\кп\gpa_2022\gpa_2022\debug\polishnotation.obj
d:\3sem\кп\gpa_2022\gpa_2022\debug\parm.obj
d:\3sem\кп\gpa_2022\gpa_2022\debug\mfst.obj
d:\3sem\кп\gpa_2022\gpa_2022\debug\main.obj
d:\3sem\кп\gpa_2022\gpa_2022\debug\lt.obj
d:\3sem\кп\gpa_2022\gpa_2022\debug\log.obj
d:\3sem\кп\gpa_2022\gpa_2022\debug\lex_analyzer.obj
d:\3sem\кп\gpa_2022\gpa_2022\debug\it.obj
d:\3sem\кп\gpa_2022\gpa_2022\debug\grb.obj
d:\3sem\кп\gpa_2022\gpa_2022\debug\generation.obj
d:\3sem\кп\gpa_2022\gpa_2022\debug\fst.obj
d:\3sem\кп\gpa_2022\gpa_2022\debug\error.obj
d:\3sem\кп\gpa_2022\gpa_2022\debug\in.obj
d:\3sem\кп\gpa_2022\gpa_2022\debug\gpa_2022.ilk
d:\3sem\кп\gpa_2022\debug\gpa_2022.exe
d:\3sem\кп\gpa_2022\debug\gpa_2022.pdb
d:\3sem\кп\gpa_2022\gpa_2022\debug\gpa_2022.tlog\cl.command.1.tlog
d:\3sem\кп\gpa_2022\gpa_2022\debug\gpa_2022.tlog\cl.read.1.tlog
d:\3sem\кп\gpa_2022\gpa_2022\debug\gpa_2022.tlog\cl.write.1.tlog
d:\3sem\кп\gpa_2022\gpa_2022\debug\gpa_2022.tlog\link.command.1.tlog
d:\3sem\кп\gpa_2022\gpa_2022\debug\gpa_2022.tlog\link.read.1.tlog
d:\3sem\кп\gpa_2022\gpa_2022\debug\gpa_2022.tlog\link.write.1.tlog
